[2024-05-13 15:50:50] local.ERROR: Target class [config] does not exist. {"exception":"[object] (Illuminate\\Contracts\\Container\\BindingResolutionException(code: 0): Target class [config] does not exist. at D:\\Program\\RepoLaravel\\Perpus\\vendor\\laravel\\framework\\src\\Illuminate\\Container\\Container.php:906)
[stacktrace]
#0 D:\\Program\\RepoLaravel\\Perpus\\vendor\\laravel\\framework\\src\\Illuminate\\Container\\Container.php(787): Illuminate\\Container\\Container->build('config')
#1 D:\\Program\\RepoLaravel\\Perpus\\vendor\\laravel\\framework\\src\\Illuminate\\Foundation\\Application.php(1026): Illuminate\\Container\\Container->resolve('config', Array, true)
#2 D:\\Program\\RepoLaravel\\Perpus\\vendor\\laravel\\framework\\src\\Illuminate\\Container\\Container.php(723): Illuminate\\Foundation\\Application->resolve('config', Array)
#3 D:\\Program\\RepoLaravel\\Perpus\\vendor\\laravel\\framework\\src\\Illuminate\\Foundation\\Application.php(1011): Illuminate\\Container\\Container->make('config', Array)
#4 D:\\Program\\RepoLaravel\\Perpus\\vendor\\laravel\\framework\\src\\Illuminate\\Foundation\\helpers.php(122): Illuminate\\Foundation\\Application->make('config', Array)
#5 D:\\Program\\RepoLaravel\\Perpus\\vendor\\laravel\\framework\\src\\Illuminate\\Foundation\\helpers.php(276): app('config')
#6 D:\\Program\\RepoLaravel\\Perpus\\vendor\\laravel\\sanctum\\src\\SanctumServiceProvider.php(27): config('auth.guards.san...', Array)
#7 D:\\Program\\RepoLaravel\\Perpus\\vendor\\laravel\\framework\\src\\Illuminate\\Foundation\\Application.php(857): Laravel\\Sanctum\\SanctumServiceProvider->register()
#8 D:\\Program\\RepoLaravel\\Perpus\\vendor\\laravel\\framework\\src\\Illuminate\\Foundation\\ProviderRepository.php(75): Illuminate\\Foundation\\Application->register(Object(Laravel\\Sanctum\\SanctumServiceProvider))
#9 D:\\Program\\RepoLaravel\\Perpus\\vendor\\laravel\\framework\\src\\Illuminate\\Foundation\\Application.php(832): Illuminate\\Foundation\\ProviderRepository->load(Array)
#10 D:\\Program\\RepoLaravel\\Perpus\\vendor\\laravel\\framework\\src\\Illuminate\\Foundation\\Bootstrap\\RegisterProviders.php(36): Illuminate\\Foundation\\Application->registerConfiguredProviders()
#11 D:\\Program\\RepoLaravel\\Perpus\\vendor\\laravel\\framework\\src\\Illuminate\\Foundation\\Application.php(309): Illuminate\\Foundation\\Bootstrap\\RegisterProviders->bootstrap(Object(Illuminate\\Foundation\\Application))
#12 D:\\Program\\RepoLaravel\\Perpus\\vendor\\laravel\\framework\\src\\Illuminate\\Foundation\\Http\\Kernel.php(186): Illuminate\\Foundation\\Application->bootstrapWith(Array)
#13 D:\\Program\\RepoLaravel\\Perpus\\vendor\\laravel\\framework\\src\\Illuminate\\Foundation\\Http\\Kernel.php(170): Illuminate\\Foundation\\Http\\Kernel->bootstrap()
#14 D:\\Program\\RepoLaravel\\Perpus\\vendor\\laravel\\framework\\src\\Illuminate\\Foundation\\Http\\Kernel.php(144): Illuminate\\Foundation\\Http\\Kernel->sendRequestThroughRouter(Object(Illuminate\\Http\\Request))
#15 D:\\Program\\RepoLaravel\\Perpus\\vendor\\laravel\\framework\\src\\Illuminate\\Foundation\\Application.php(1168): Illuminate\\Foundation\\Http\\Kernel->handle(Object(Illuminate\\Http\\Request))
#16 D:\\Program\\RepoLaravel\\Perpus\\public\\index.php(17): Illuminate\\Foundation\\Application->handleRequest(Object(Illuminate\\Http\\Request))
#17 D:\\Program\\RepoLaravel\\Perpus\\vendor\\laravel\\framework\\src\\Illuminate\\Foundation\\resources\\server.php(16): require_once('D:\\\\Program\\\\Repo...')
#18 {main}

[previous exception] [object] (ReflectionException(code: -1): Class \"config\" does not exist at D:\\Program\\RepoLaravel\\Perpus\\vendor\\laravel\\framework\\src\\Illuminate\\Container\\Container.php:904)
[stacktrace]
#0 D:\\Program\\RepoLaravel\\Perpus\\vendor\\laravel\\framework\\src\\Illuminate\\Container\\Container.php(904): ReflectionClass->__construct('config')
#1 D:\\Program\\RepoLaravel\\Perpus\\vendor\\laravel\\framework\\src\\Illuminate\\Container\\Container.php(787): Illuminate\\Container\\Container->build('config')
#2 D:\\Program\\RepoLaravel\\Perpus\\vendor\\laravel\\framework\\src\\Illuminate\\Foundation\\Application.php(1026): Illuminate\\Container\\Container->resolve('config', Array, true)
#3 D:\\Program\\RepoLaravel\\Perpus\\vendor\\laravel\\framework\\src\\Illuminate\\Container\\Container.php(723): Illuminate\\Foundation\\Application->resolve('config', Array)
#4 D:\\Program\\RepoLaravel\\Perpus\\vendor\\laravel\\framework\\src\\Illuminate\\Foundation\\Application.php(1011): Illuminate\\Container\\Container->make('config', Array)
#5 D:\\Program\\RepoLaravel\\Perpus\\vendor\\laravel\\framework\\src\\Illuminate\\Foundation\\helpers.php(122): Illuminate\\Foundation\\Application->make('config', Array)
#6 D:\\Program\\RepoLaravel\\Perpus\\vendor\\laravel\\framework\\src\\Illuminate\\Foundation\\helpers.php(276): app('config')
#7 D:\\Program\\RepoLaravel\\Perpus\\vendor\\laravel\\sanctum\\src\\SanctumServiceProvider.php(27): config('auth.guards.san...', Array)
#8 D:\\Program\\RepoLaravel\\Perpus\\vendor\\laravel\\framework\\src\\Illuminate\\Foundation\\Application.php(857): Laravel\\Sanctum\\SanctumServiceProvider->register()
#9 D:\\Program\\RepoLaravel\\Perpus\\vendor\\laravel\\framework\\src\\Illuminate\\Foundation\\ProviderRepository.php(75): Illuminate\\Foundation\\Application->register(Object(Laravel\\Sanctum\\SanctumServiceProvider))
#10 D:\\Program\\RepoLaravel\\Perpus\\vendor\\laravel\\framework\\src\\Illuminate\\Foundation\\Application.php(832): Illuminate\\Foundation\\ProviderRepository->load(Array)
#11 D:\\Program\\RepoLaravel\\Perpus\\vendor\\laravel\\framework\\src\\Illuminate\\Foundation\\Bootstrap\\RegisterProviders.php(36): Illuminate\\Foundation\\Application->registerConfiguredProviders()
#12 D:\\Program\\RepoLaravel\\Perpus\\vendor\\laravel\\framework\\src\\Illuminate\\Foundation\\Application.php(309): Illuminate\\Foundation\\Bootstrap\\RegisterProviders->bootstrap(Object(Illuminate\\Foundation\\Application))
#13 D:\\Program\\RepoLaravel\\Perpus\\vendor\\laravel\\framework\\src\\Illuminate\\Foundation\\Http\\Kernel.php(186): Illuminate\\Foundation\\Application->bootstrapWith(Array)
#14 D:\\Program\\RepoLaravel\\Perpus\\vendor\\laravel\\framework\\src\\Illuminate\\Foundation\\Http\\Kernel.php(170): Illuminate\\Foundation\\Http\\Kernel->bootstrap()
#15 D:\\Program\\RepoLaravel\\Perpus\\vendor\\laravel\\framework\\src\\Illuminate\\Foundation\\Http\\Kernel.php(144): Illuminate\\Foundation\\Http\\Kernel->sendRequestThroughRouter(Object(Illuminate\\Http\\Request))
#16 D:\\Program\\RepoLaravel\\Perpus\\vendor\\laravel\\framework\\src\\Illuminate\\Foundation\\Application.php(1168): Illuminate\\Foundation\\Http\\Kernel->handle(Object(Illuminate\\Http\\Request))
#17 D:\\Program\\RepoLaravel\\Perpus\\public\\index.php(17): Illuminate\\Foundation\\Application->handleRequest(Object(Illuminate\\Http\\Request))
#18 D:\\Program\\RepoLaravel\\Perpus\\vendor\\laravel\\framework\\src\\Illuminate\\Foundation\\resources\\server.php(16): require_once('D:\\\\Program\\\\Repo...')
#19 {main}
"} 
[2024-05-13 15:50:50] local.ERROR: Target class [config] does not exist. {"exception":"[object] (Illuminate\\Contracts\\Container\\BindingResolutionException(code: 0): Target class [config] does not exist. at D:\\Program\\RepoLaravel\\Perpus\\vendor\\laravel\\framework\\src\\Illuminate\\Container\\Container.php:906)
[stacktrace]
#0 D:\\Program\\RepoLaravel\\Perpus\\vendor\\laravel\\framework\\src\\Illuminate\\Container\\Container.php(787): Illuminate\\Container\\Container->build('config')
#1 D:\\Program\\RepoLaravel\\Perpus\\vendor\\laravel\\framework\\src\\Illuminate\\Foundation\\Application.php(1026): Illuminate\\Container\\Container->resolve('config', Array, true)
#2 D:\\Program\\RepoLaravel\\Perpus\\vendor\\laravel\\framework\\src\\Illuminate\\Container\\Container.php(723): Illuminate\\Foundation\\Application->resolve('config', Array)
#3 D:\\Program\\RepoLaravel\\Perpus\\vendor\\laravel\\framework\\src\\Illuminate\\Foundation\\Application.php(1011): Illuminate\\Container\\Container->make('config', Array)
#4 D:\\Program\\RepoLaravel\\Perpus\\vendor\\laravel\\framework\\src\\Illuminate\\Foundation\\helpers.php(122): Illuminate\\Foundation\\Application->make('config', Array)
#5 D:\\Program\\RepoLaravel\\Perpus\\vendor\\laravel\\framework\\src\\Illuminate\\Foundation\\helpers.php(276): app('config')
#6 D:\\Program\\RepoLaravel\\Perpus\\vendor\\laravel\\framework\\src\\Illuminate\\Foundation\\Exceptions\\Handler.php(797): config('app.debug')
#7 D:\\Program\\RepoLaravel\\Perpus\\vendor\\laravel\\framework\\src\\Illuminate\\Foundation\\Exceptions\\Handler.php(697): Illuminate\\Foundation\\Exceptions\\Handler->prepareResponse(Object(Illuminate\\Http\\Request), Object(Illuminate\\Contracts\\Container\\BindingResolutionException))
#8 D:\\Program\\RepoLaravel\\Perpus\\vendor\\laravel\\framework\\src\\Illuminate\\Foundation\\Exceptions\\Handler.php(586): Illuminate\\Foundation\\Exceptions\\Handler->renderExceptionResponse(Object(Illuminate\\Http\\Request), Object(Illuminate\\Contracts\\Container\\BindingResolutionException))
#9 D:\\Program\\RepoLaravel\\Perpus\\vendor\\laravel\\framework\\src\\Illuminate\\Foundation\\Http\\Kernel.php(509): Illuminate\\Foundation\\Exceptions\\Handler->render(Object(Illuminate\\Http\\Request), Object(Illuminate\\Contracts\\Container\\BindingResolutionException))
#10 D:\\Program\\RepoLaravel\\Perpus\\vendor\\laravel\\framework\\src\\Illuminate\\Foundation\\Http\\Kernel.php(148): Illuminate\\Foundation\\Http\\Kernel->renderException(Object(Illuminate\\Http\\Request), Object(Illuminate\\Contracts\\Container\\BindingResolutionException))
#11 D:\\Program\\RepoLaravel\\Perpus\\vendor\\laravel\\framework\\src\\Illuminate\\Foundation\\Application.php(1168): Illuminate\\Foundation\\Http\\Kernel->handle(Object(Illuminate\\Http\\Request))
#12 D:\\Program\\RepoLaravel\\Perpus\\public\\index.php(17): Illuminate\\Foundation\\Application->handleRequest(Object(Illuminate\\Http\\Request))
#13 D:\\Program\\RepoLaravel\\Perpus\\vendor\\laravel\\framework\\src\\Illuminate\\Foundation\\resources\\server.php(16): require_once('D:\\\\Program\\\\Repo...')
#14 {main}

[previous exception] [object] (ReflectionException(code: -1): Class \"config\" does not exist at D:\\Program\\RepoLaravel\\Perpus\\vendor\\laravel\\framework\\src\\Illuminate\\Container\\Container.php:904)
[stacktrace]
#0 D:\\Program\\RepoLaravel\\Perpus\\vendor\\laravel\\framework\\src\\Illuminate\\Container\\Container.php(904): ReflectionClass->__construct('config')
#1 D:\\Program\\RepoLaravel\\Perpus\\vendor\\laravel\\framework\\src\\Illuminate\\Container\\Container.php(787): Illuminate\\Container\\Container->build('config')
#2 D:\\Program\\RepoLaravel\\Perpus\\vendor\\laravel\\framework\\src\\Illuminate\\Foundation\\Application.php(1026): Illuminate\\Container\\Container->resolve('config', Array, true)
#3 D:\\Program\\RepoLaravel\\Perpus\\vendor\\laravel\\framework\\src\\Illuminate\\Container\\Container.php(723): Illuminate\\Foundation\\Application->resolve('config', Array)
#4 D:\\Program\\RepoLaravel\\Perpus\\vendor\\laravel\\framework\\src\\Illuminate\\Foundation\\Application.php(1011): Illuminate\\Container\\Container->make('config', Array)
#5 D:\\Program\\RepoLaravel\\Perpus\\vendor\\laravel\\framework\\src\\Illuminate\\Foundation\\helpers.php(122): Illuminate\\Foundation\\Application->make('config', Array)
#6 D:\\Program\\RepoLaravel\\Perpus\\vendor\\laravel\\framework\\src\\Illuminate\\Foundation\\helpers.php(276): app('config')
#7 D:\\Program\\RepoLaravel\\Perpus\\vendor\\laravel\\framework\\src\\Illuminate\\Foundation\\Exceptions\\Handler.php(797): config('app.debug')
#8 D:\\Program\\RepoLaravel\\Perpus\\vendor\\laravel\\framework\\src\\Illuminate\\Foundation\\Exceptions\\Handler.php(697): Illuminate\\Foundation\\Exceptions\\Handler->prepareResponse(Object(Illuminate\\Http\\Request), Object(Illuminate\\Contracts\\Container\\BindingResolutionException))
#9 D:\\Program\\RepoLaravel\\Perpus\\vendor\\laravel\\framework\\src\\Illuminate\\Foundation\\Exceptions\\Handler.php(586): Illuminate\\Foundation\\Exceptions\\Handler->renderExceptionResponse(Object(Illuminate\\Http\\Request), Object(Illuminate\\Contracts\\Container\\BindingResolutionException))
#10 D:\\Program\\RepoLaravel\\Perpus\\vendor\\laravel\\framework\\src\\Illuminate\\Foundation\\Http\\Kernel.php(509): Illuminate\\Foundation\\Exceptions\\Handler->render(Object(Illuminate\\Http\\Request), Object(Illuminate\\Contracts\\Container\\BindingResolutionException))
#11 D:\\Program\\RepoLaravel\\Perpus\\vendor\\laravel\\framework\\src\\Illuminate\\Foundation\\Http\\Kernel.php(148): Illuminate\\Foundation\\Http\\Kernel->renderException(Object(Illuminate\\Http\\Request), Object(Illuminate\\Contracts\\Container\\BindingResolutionException))
#12 D:\\Program\\RepoLaravel\\Perpus\\vendor\\laravel\\framework\\src\\Illuminate\\Foundation\\Application.php(1168): Illuminate\\Foundation\\Http\\Kernel->handle(Object(Illuminate\\Http\\Request))
#13 D:\\Program\\RepoLaravel\\Perpus\\public\\index.php(17): Illuminate\\Foundation\\Application->handleRequest(Object(Illuminate\\Http\\Request))
#14 D:\\Program\\RepoLaravel\\Perpus\\vendor\\laravel\\framework\\src\\Illuminate\\Foundation\\resources\\server.php(16): require_once('D:\\\\Program\\\\Repo...')
#15 {main}
"} 
[2024-05-13 15:50:50] local.ERROR: Uncaught ReflectionException: Class "config" does not exist in D:\Program\RepoLaravel\Perpus\vendor\laravel\framework\src\Illuminate\Container\Container.php:904
Stack trace:
#0 D:\Program\RepoLaravel\Perpus\vendor\laravel\framework\src\Illuminate\Container\Container.php(904): ReflectionClass->__construct('config')
#1 D:\Program\RepoLaravel\Perpus\vendor\laravel\framework\src\Illuminate\Container\Container.php(787): Illuminate\Container\Container->build('config')
#2 D:\Program\RepoLaravel\Perpus\vendor\laravel\framework\src\Illuminate\Foundation\Application.php(1026): Illuminate\Container\Container->resolve('config', Array, true)
#3 D:\Program\RepoLaravel\Perpus\vendor\laravel\framework\src\Illuminate\Container\Container.php(723): Illuminate\Foundation\Application->resolve('config', Array)
#4 D:\Program\RepoLaravel\Perpus\vendor\laravel\framework\src\Illuminate\Foundation\Application.php(1011): Illuminate\Container\Container->make('config', Array)
#5 D:\Program\RepoLaravel\Perpus\vendor\laravel\framework\src\Illuminate\Foundation\helpers.php(122): Illuminate\Foundation\Application->make('config', Array)
#6 D:\Program\RepoLaravel\Perpus\vendor\laravel\framework\src\Illuminate\Foundation\helpers.php(276): app('config')
#7 D:\Program\RepoLaravel\Perpus\vendor\laravel\framework\src\Illuminate\Foundation\Exceptions\Handler.php(797): config('app.debug')
#8 D:\Program\RepoLaravel\Perpus\vendor\laravel\framework\src\Illuminate\Foundation\Exceptions\Handler.php(697): Illuminate\Foundation\Exceptions\Handler->prepareResponse(Object(Illuminate\Http\Request), Object(Illuminate\Contracts\Container\BindingResolutionException))
#9 D:\Program\RepoLaravel\Perpus\vendor\laravel\framework\src\Illuminate\Foundation\Exceptions\Handler.php(586): Illuminate\Foundation\Exceptions\Handler->renderExceptionResponse(Object(Illuminate\Http\Request), Object(Illuminate\Contracts\Container\BindingResolutionException))
#10 D:\Program\RepoLaravel\Perpus\vendor\laravel\framework\src\Illuminate\Foundation\Bootstrap\HandleExceptions.php(219): Illuminate\Foundation\Exceptions\Handler->render(Object(Illuminate\Http\Request), Object(Illuminate\Contracts\Container\BindingResolutionException))
#11 D:\Program\RepoLaravel\Perpus\vendor\laravel\framework\src\Illuminate\Foundation\Bootstrap\HandleExceptions.php(196): Illuminate\Foundation\Bootstrap\HandleExceptions->renderHttpResponse(Object(Illuminate\Contracts\Container\BindingResolutionException))
#12 D:\Program\RepoLaravel\Perpus\vendor\laravel\framework\src\Illuminate\Foundation\Bootstrap\HandleExceptions.php(256): Illuminate\Foundation\Bootstrap\HandleExceptions->handleException(Object(Illuminate\Contracts\Container\BindingResolutionException))
#13 [internal function]: Illuminate\Foundation\Bootstrap\HandleExceptions->Illuminate\Foundation\Bootstrap\{closure}(Object(Illuminate\Contracts\Container\BindingResolutionException))
#14 {main}

Next Illuminate\Contracts\Container\BindingResolutionException: Target class [config] does not exist. in D:\Program\RepoLaravel\Perpus\vendor\laravel\framework\src\Illuminate\Container\Container.php:906
Stack trace:
#0 D:\Program\RepoLaravel\Perpus\vendor\laravel\framework\src\Illuminate\Container\Container.php(787): Illuminate\Container\Container->build('config')
#1 D:\Program\RepoLaravel\Perpus\vendor\laravel\framework\src\Illuminate\Foundation\Application.php(1026): Illuminate\Container\Container->resolve('config', Array, true)
#2 D:\Program\RepoLaravel\Perpus\vendor\laravel\framework\src\Illuminate\Container\Container.php(723): Illuminate\Foundation\Application->resolve('config', Array)
#3 D:\Program\RepoLaravel\Perpus\vendor\laravel\framework\src\Illuminate\Foundation\Application.php(1011): Illuminate\Container\Container->make('config', Array)
#4 D:\Program\RepoLaravel\Perpus\vendor\laravel\framework\src\Illuminate\Foundation\helpers.php(122): Illuminate\Foundation\Application->make('config', Array)
#5 D:\Program\RepoLaravel\Perpus\vendor\laravel\framework\src\Illuminate\Foundation\helpers.php(276): app('config')
#6 D:\Program\RepoLaravel\Perpus\vendor\laravel\framework\src\Illuminate\Foundation\Exceptions\Handler.php(797): config('app.debug')
#7 D:\Program\RepoLaravel\Perpus\vendor\laravel\framework\src\Illuminate\Foundation\Exceptions\Handler.php(697): Illuminate\Foundation\Exceptions\Handler->prepareResponse(Object(Illuminate\Http\Request), Object(Illuminate\Contracts\Container\BindingResolutionException))
#8 D:\Program\RepoLaravel\Perpus\vendor\laravel\framework\src\Illuminate\Foundation\Exceptions\Handler.php(586): Illuminate\Foundation\Exceptions\Handler->renderExceptionResponse(Object(Illuminate\Http\Request), Object(Illuminate\Contracts\Container\BindingResolutionException))
#9 D:\Program\RepoLaravel\Perpus\vendor\laravel\framework\src\Illuminate\Foundation\Bootstrap\HandleExceptions.php(219): Illuminate\Foundation\Exceptions\Handler->render(Object(Illuminate\Http\Request), Object(Illuminate\Contracts\Container\BindingResolutionException))
#10 D:\Program\RepoLaravel\Perpus\vendor\laravel\framework\src\Illuminate\Foundation\Bootstrap\HandleExceptions.php(196): Illuminate\Foundation\Bootstrap\HandleExceptions->renderHttpResponse(Object(Illuminate\Contracts\Container\BindingResolutionException))
#11 D:\Program\RepoLaravel\Perpus\vendor\laravel\framework\src\Illuminate\Foundation\Bootstrap\HandleExceptions.php(256): Illuminate\Foundation\Bootstrap\HandleExceptions->handleException(Object(Illuminate\Contracts\Container\BindingResolutionException))
#12 [internal function]: Illuminate\Foundation\Bootstrap\HandleExceptions->Illuminate\Foundation\Bootstrap\{closure}(Object(Illuminate\Contracts\Container\BindingResolutionException))
#13 {main}
  thrown {"exception":"[object] (Symfony\\Component\\ErrorHandler\\Error\\FatalError(code: 0): Uncaught ReflectionException: Class \"config\" does not exist in D:\\Program\\RepoLaravel\\Perpus\\vendor\\laravel\\framework\\src\\Illuminate\\Container\\Container.php:904
Stack trace:
#0 D:\\Program\\RepoLaravel\\Perpus\\vendor\\laravel\\framework\\src\\Illuminate\\Container\\Container.php(904): ReflectionClass->__construct('config')
#1 D:\\Program\\RepoLaravel\\Perpus\\vendor\\laravel\\framework\\src\\Illuminate\\Container\\Container.php(787): Illuminate\\Container\\Container->build('config')
#2 D:\\Program\\RepoLaravel\\Perpus\\vendor\\laravel\\framework\\src\\Illuminate\\Foundation\\Application.php(1026): Illuminate\\Container\\Container->resolve('config', Array, true)
#3 D:\\Program\\RepoLaravel\\Perpus\\vendor\\laravel\\framework\\src\\Illuminate\\Container\\Container.php(723): Illuminate\\Foundation\\Application->resolve('config', Array)
#4 D:\\Program\\RepoLaravel\\Perpus\\vendor\\laravel\\framework\\src\\Illuminate\\Foundation\\Application.php(1011): Illuminate\\Container\\Container->make('config', Array)
#5 D:\\Program\\RepoLaravel\\Perpus\\vendor\\laravel\\framework\\src\\Illuminate\\Foundation\\helpers.php(122): Illuminate\\Foundation\\Application->make('config', Array)
#6 D:\\Program\\RepoLaravel\\Perpus\\vendor\\laravel\\framework\\src\\Illuminate\\Foundation\\helpers.php(276): app('config')
#7 D:\\Program\\RepoLaravel\\Perpus\\vendor\\laravel\\framework\\src\\Illuminate\\Foundation\\Exceptions\\Handler.php(797): config('app.debug')
#8 D:\\Program\\RepoLaravel\\Perpus\\vendor\\laravel\\framework\\src\\Illuminate\\Foundation\\Exceptions\\Handler.php(697): Illuminate\\Foundation\\Exceptions\\Handler->prepareResponse(Object(Illuminate\\Http\\Request), Object(Illuminate\\Contracts\\Container\\BindingResolutionException))
#9 D:\\Program\\RepoLaravel\\Perpus\\vendor\\laravel\\framework\\src\\Illuminate\\Foundation\\Exceptions\\Handler.php(586): Illuminate\\Foundation\\Exceptions\\Handler->renderExceptionResponse(Object(Illuminate\\Http\\Request), Object(Illuminate\\Contracts\\Container\\BindingResolutionException))
#10 D:\\Program\\RepoLaravel\\Perpus\\vendor\\laravel\\framework\\src\\Illuminate\\Foundation\\Bootstrap\\HandleExceptions.php(219): Illuminate\\Foundation\\Exceptions\\Handler->render(Object(Illuminate\\Http\\Request), Object(Illuminate\\Contracts\\Container\\BindingResolutionException))
#11 D:\\Program\\RepoLaravel\\Perpus\\vendor\\laravel\\framework\\src\\Illuminate\\Foundation\\Bootstrap\\HandleExceptions.php(196): Illuminate\\Foundation\\Bootstrap\\HandleExceptions->renderHttpResponse(Object(Illuminate\\Contracts\\Container\\BindingResolutionException))
#12 D:\\Program\\RepoLaravel\\Perpus\\vendor\\laravel\\framework\\src\\Illuminate\\Foundation\\Bootstrap\\HandleExceptions.php(256): Illuminate\\Foundation\\Bootstrap\\HandleExceptions->handleException(Object(Illuminate\\Contracts\\Container\\BindingResolutionException))
#13 [internal function]: Illuminate\\Foundation\\Bootstrap\\HandleExceptions->Illuminate\\Foundation\\Bootstrap\\{closure}(Object(Illuminate\\Contracts\\Container\\BindingResolutionException))
#14 {main}

Next Illuminate\\Contracts\\Container\\BindingResolutionException: Target class [config] does not exist. in D:\\Program\\RepoLaravel\\Perpus\\vendor\\laravel\\framework\\src\\Illuminate\\Container\\Container.php:906
Stack trace:
#0 D:\\Program\\RepoLaravel\\Perpus\\vendor\\laravel\\framework\\src\\Illuminate\\Container\\Container.php(787): Illuminate\\Container\\Container->build('config')
#1 D:\\Program\\RepoLaravel\\Perpus\\vendor\\laravel\\framework\\src\\Illuminate\\Foundation\\Application.php(1026): Illuminate\\Container\\Container->resolve('config', Array, true)
#2 D:\\Program\\RepoLaravel\\Perpus\\vendor\\laravel\\framework\\src\\Illuminate\\Container\\Container.php(723): Illuminate\\Foundation\\Application->resolve('config', Array)
#3 D:\\Program\\RepoLaravel\\Perpus\\vendor\\laravel\\framework\\src\\Illuminate\\Foundation\\Application.php(1011): Illuminate\\Container\\Container->make('config', Array)
#4 D:\\Program\\RepoLaravel\\Perpus\\vendor\\laravel\\framework\\src\\Illuminate\\Foundation\\helpers.php(122): Illuminate\\Foundation\\Application->make('config', Array)
#5 D:\\Program\\RepoLaravel\\Perpus\\vendor\\laravel\\framework\\src\\Illuminate\\Foundation\\helpers.php(276): app('config')
#6 D:\\Program\\RepoLaravel\\Perpus\\vendor\\laravel\\framework\\src\\Illuminate\\Foundation\\Exceptions\\Handler.php(797): config('app.debug')
#7 D:\\Program\\RepoLaravel\\Perpus\\vendor\\laravel\\framework\\src\\Illuminate\\Foundation\\Exceptions\\Handler.php(697): Illuminate\\Foundation\\Exceptions\\Handler->prepareResponse(Object(Illuminate\\Http\\Request), Object(Illuminate\\Contracts\\Container\\BindingResolutionException))
#8 D:\\Program\\RepoLaravel\\Perpus\\vendor\\laravel\\framework\\src\\Illuminate\\Foundation\\Exceptions\\Handler.php(586): Illuminate\\Foundation\\Exceptions\\Handler->renderExceptionResponse(Object(Illuminate\\Http\\Request), Object(Illuminate\\Contracts\\Container\\BindingResolutionException))
#9 D:\\Program\\RepoLaravel\\Perpus\\vendor\\laravel\\framework\\src\\Illuminate\\Foundation\\Bootstrap\\HandleExceptions.php(219): Illuminate\\Foundation\\Exceptions\\Handler->render(Object(Illuminate\\Http\\Request), Object(Illuminate\\Contracts\\Container\\BindingResolutionException))
#10 D:\\Program\\RepoLaravel\\Perpus\\vendor\\laravel\\framework\\src\\Illuminate\\Foundation\\Bootstrap\\HandleExceptions.php(196): Illuminate\\Foundation\\Bootstrap\\HandleExceptions->renderHttpResponse(Object(Illuminate\\Contracts\\Container\\BindingResolutionException))
#11 D:\\Program\\RepoLaravel\\Perpus\\vendor\\laravel\\framework\\src\\Illuminate\\Foundation\\Bootstrap\\HandleExceptions.php(256): Illuminate\\Foundation\\Bootstrap\\HandleExceptions->handleException(Object(Illuminate\\Contracts\\Container\\BindingResolutionException))
#12 [internal function]: Illuminate\\Foundation\\Bootstrap\\HandleExceptions->Illuminate\\Foundation\\Bootstrap\\{closure}(Object(Illuminate\\Contracts\\Container\\BindingResolutionException))
#13 {main}
  thrown at D:\\Program\\RepoLaravel\\Perpus\\vendor\\laravel\\framework\\src\\Illuminate\\Container\\Container.php:906)
[stacktrace]
#0 {main}
"} 
