[2024-05-13 15:51:01] local.ERROR: Target class [config] does not exist. {"exception":"[object] (Illuminate\\Contracts\\Container\\BindingResolutionException(code: 0): Target class [config] does not exist. at D:\\Program\\RepoLaravel\\Perpus\\vendor\\laravel\\framework\\src\\Illuminate\\Container\\Container.php:906)
[stacktrace]
#0 D:\\Program\\RepoLaravel\\Perpus\\vendor\\laravel\\framework\\src\\Illuminate\\Container\\Container.php(787): Illuminate\\Container\\Container->build('config')
#1 D:\\Program\\RepoLaravel\\Perpus\\vendor\\laravel\\framework\\src\\Illuminate\\Foundation\\Application.php(1026): Illuminate\\Container\\Container->resolve('config', Array, true)
#2 D:\\Program\\RepoLaravel\\Perpus\\vendor\\laravel\\framework\\src\\Illuminate\\Container\\Container.php(723): Illuminate\\Foundation\\Application->resolve('config', Array)
#3 D:\\Program\\RepoLaravel\\Perpus\\vendor\\laravel\\framework\\src\\Illuminate\\Foundation\\Application.php(1011): Illuminate\\Container\\Container->make('config', Array)
#4 D:\\Program\\RepoLaravel\\Perpus\\vendor\\laravel\\framework\\src\\Illuminate\\Foundation\\helpers.php(122): Illuminate\\Foundation\\Application->make('config', Array)
#5 D:\\Program\\RepoLaravel\\Perpus\\vendor\\laravel\\framework\\src\\Illuminate\\Foundation\\helpers.php(276): app('config')
#6 D:\\Program\\RepoLaravel\\Perpus\\vendor\\laravel\\sanctum\\src\\SanctumServiceProvider.php(27): config('auth.guards.san...', Array)
#7 D:\\Program\\RepoLaravel\\Perpus\\vendor\\laravel\\framework\\src\\Illuminate\\Foundation\\Application.php(857): Laravel\\Sanctum\\SanctumServiceProvider->register()
#8 D:\\Program\\RepoLaravel\\Perpus\\vendor\\laravel\\framework\\src\\Illuminate\\Foundation\\ProviderRepository.php(75): Illuminate\\Foundation\\Application->register(Object(Laravel\\Sanctum\\SanctumServiceProvider))
#9 D:\\Program\\RepoLaravel\\Perpus\\vendor\\laravel\\framework\\src\\Illuminate\\Foundation\\Application.php(832): Illuminate\\Foundation\\ProviderRepository->load(Array)
#10 D:\\Program\\RepoLaravel\\Perpus\\vendor\\laravel\\framework\\src\\Illuminate\\Foundation\\Bootstrap\\RegisterProviders.php(36): Illuminate\\Foundation\\Application->registerConfiguredProviders()
#11 D:\\Program\\RepoLaravel\\Perpus\\vendor\\laravel\\framework\\src\\Illuminate\\Foundation\\Application.php(309): Illuminate\\Foundation\\Bootstrap\\RegisterProviders->bootstrap(Object(Illuminate\\Foundation\\Application))
#12 D:\\Program\\RepoLaravel\\Perpus\\vendor\\laravel\\framework\\src\\Illuminate\\Foundation\\Console\\Kernel.php(470): Illuminate\\Foundation\\Application->bootstrapWith(Array)
#13 D:\\Program\\RepoLaravel\\Perpus\\vendor\\laravel\\framework\\src\\Illuminate\\Foundation\\Console\\Kernel.php(194): Illuminate\\Foundation\\Console\\Kernel->bootstrap()
#14 Command line code(1): Illuminate\\Foundation\\Console\\Kernel->handle(Object(Symfony\\Component\\Console\\Input\\ArgvInput), Object(Symfony\\Component\\Console\\Output\\ConsoleOutput))
#15 {main}

[previous exception] [object] (ReflectionException(code: -1): Class \"config\" does not exist at D:\\Program\\RepoLaravel\\Perpus\\vendor\\laravel\\framework\\src\\Illuminate\\Container\\Container.php:904)
[stacktrace]
#0 D:\\Program\\RepoLaravel\\Perpus\\vendor\\laravel\\framework\\src\\Illuminate\\Container\\Container.php(904): ReflectionClass->__construct('config')
#1 D:\\Program\\RepoLaravel\\Perpus\\vendor\\laravel\\framework\\src\\Illuminate\\Container\\Container.php(787): Illuminate\\Container\\Container->build('config')
#2 D:\\Program\\RepoLaravel\\Perpus\\vendor\\laravel\\framework\\src\\Illuminate\\Foundation\\Application.php(1026): Illuminate\\Container\\Container->resolve('config', Array, true)
#3 D:\\Program\\RepoLaravel\\Perpus\\vendor\\laravel\\framework\\src\\Illuminate\\Container\\Container.php(723): Illuminate\\Foundation\\Application->resolve('config', Array)
#4 D:\\Program\\RepoLaravel\\Perpus\\vendor\\laravel\\framework\\src\\Illuminate\\Foundation\\Application.php(1011): Illuminate\\Container\\Container->make('config', Array)
#5 D:\\Program\\RepoLaravel\\Perpus\\vendor\\laravel\\framework\\src\\Illuminate\\Foundation\\helpers.php(122): Illuminate\\Foundation\\Application->make('config', Array)
#6 D:\\Program\\RepoLaravel\\Perpus\\vendor\\laravel\\framework\\src\\Illuminate\\Foundation\\helpers.php(276): app('config')
#7 D:\\Program\\RepoLaravel\\Perpus\\vendor\\laravel\\sanctum\\src\\SanctumServiceProvider.php(27): config('auth.guards.san...', Array)
#8 D:\\Program\\RepoLaravel\\Perpus\\vendor\\laravel\\framework\\src\\Illuminate\\Foundation\\Application.php(857): Laravel\\Sanctum\\SanctumServiceProvider->register()
#9 D:\\Program\\RepoLaravel\\Perpus\\vendor\\laravel\\framework\\src\\Illuminate\\Foundation\\ProviderRepository.php(75): Illuminate\\Foundation\\Application->register(Object(Laravel\\Sanctum\\SanctumServiceProvider))
#10 D:\\Program\\RepoLaravel\\Perpus\\vendor\\laravel\\framework\\src\\Illuminate\\Foundation\\Application.php(832): Illuminate\\Foundation\\ProviderRepository->load(Array)
#11 D:\\Program\\RepoLaravel\\Perpus\\vendor\\laravel\\framework\\src\\Illuminate\\Foundation\\Bootstrap\\RegisterProviders.php(36): Illuminate\\Foundation\\Application->registerConfiguredProviders()
#12 D:\\Program\\RepoLaravel\\Perpus\\vendor\\laravel\\framework\\src\\Illuminate\\Foundation\\Application.php(309): Illuminate\\Foundation\\Bootstrap\\RegisterProviders->bootstrap(Object(Illuminate\\Foundation\\Application))
#13 D:\\Program\\RepoLaravel\\Perpus\\vendor\\laravel\\framework\\src\\Illuminate\\Foundation\\Console\\Kernel.php(470): Illuminate\\Foundation\\Application->bootstrapWith(Array)
#14 D:\\Program\\RepoLaravel\\Perpus\\vendor\\laravel\\framework\\src\\Illuminate\\Foundation\\Console\\Kernel.php(194): Illuminate\\Foundation\\Console\\Kernel->bootstrap()
#15 Command line code(1): Illuminate\\Foundation\\Console\\Kernel->handle(Object(Symfony\\Component\\Console\\Input\\ArgvInput), Object(Symfony\\Component\\Console\\Output\\ConsoleOutput))
#16 {main}
"} 
[2024-05-13 15:51:12] local.ERROR: Target class [config] does not exist. {"exception":"[object] (Illuminate\\Contracts\\Container\\BindingResolutionException(code: 0): Target class [config] does not exist. at D:\\Program\\RepoLaravel\\Perpus\\vendor\\laravel\\framework\\src\\Illuminate\\Container\\Container.php:906)
[stacktrace]
#0 D:\\Program\\RepoLaravel\\Perpus\\vendor\\laravel\\framework\\src\\Illuminate\\Container\\Container.php(787): Illuminate\\Container\\Container->build('config')
#1 D:\\Program\\RepoLaravel\\Perpus\\vendor\\laravel\\framework\\src\\Illuminate\\Foundation\\Application.php(1026): Illuminate\\Container\\Container->resolve('config', Array, true)
#2 D:\\Program\\RepoLaravel\\Perpus\\vendor\\laravel\\framework\\src\\Illuminate\\Container\\Container.php(723): Illuminate\\Foundation\\Application->resolve('config', Array)
#3 D:\\Program\\RepoLaravel\\Perpus\\vendor\\laravel\\framework\\src\\Illuminate\\Foundation\\Application.php(1011): Illuminate\\Container\\Container->make('config', Array)
#4 D:\\Program\\RepoLaravel\\Perpus\\vendor\\laravel\\framework\\src\\Illuminate\\Foundation\\helpers.php(122): Illuminate\\Foundation\\Application->make('config', Array)
#5 D:\\Program\\RepoLaravel\\Perpus\\vendor\\laravel\\framework\\src\\Illuminate\\Foundation\\helpers.php(276): app('config')
#6 D:\\Program\\RepoLaravel\\Perpus\\vendor\\laravel\\sanctum\\src\\SanctumServiceProvider.php(27): config('auth.guards.san...', Array)
#7 D:\\Program\\RepoLaravel\\Perpus\\vendor\\laravel\\framework\\src\\Illuminate\\Foundation\\Application.php(857): Laravel\\Sanctum\\SanctumServiceProvider->register()
#8 D:\\Program\\RepoLaravel\\Perpus\\vendor\\laravel\\framework\\src\\Illuminate\\Foundation\\ProviderRepository.php(75): Illuminate\\Foundation\\Application->register(Object(Laravel\\Sanctum\\SanctumServiceProvider))
#9 D:\\Program\\RepoLaravel\\Perpus\\vendor\\laravel\\framework\\src\\Illuminate\\Foundation\\Application.php(832): Illuminate\\Foundation\\ProviderRepository->load(Array)
#10 D:\\Program\\RepoLaravel\\Perpus\\vendor\\laravel\\framework\\src\\Illuminate\\Foundation\\Bootstrap\\RegisterProviders.php(36): Illuminate\\Foundation\\Application->registerConfiguredProviders()
#11 D:\\Program\\RepoLaravel\\Perpus\\vendor\\laravel\\framework\\src\\Illuminate\\Foundation\\Application.php(309): Illuminate\\Foundation\\Bootstrap\\RegisterProviders->bootstrap(Object(Illuminate\\Foundation\\Application))
#12 D:\\Program\\RepoLaravel\\Perpus\\vendor\\laravel\\framework\\src\\Illuminate\\Foundation\\Console\\Kernel.php(470): Illuminate\\Foundation\\Application->bootstrapWith(Array)
#13 D:\\Program\\RepoLaravel\\Perpus\\vendor\\laravel\\framework\\src\\Illuminate\\Foundation\\Console\\Kernel.php(194): Illuminate\\Foundation\\Console\\Kernel->bootstrap()
#14 D:\\Program\\RepoLaravel\\Perpus\\vendor\\laravel\\framework\\src\\Illuminate\\Foundation\\Application.php(1183): Illuminate\\Foundation\\Console\\Kernel->handle(Object(Symfony\\Component\\Console\\Input\\ArgvInput), Object(Symfony\\Component\\Console\\Output\\ConsoleOutput))
#15 D:\\Program\\RepoLaravel\\Perpus\\artisan(13): Illuminate\\Foundation\\Application->handleCommand(Object(Symfony\\Component\\Console\\Input\\ArgvInput))
#16 {main}

[previous exception] [object] (ReflectionException(code: -1): Class \"config\" does not exist at D:\\Program\\RepoLaravel\\Perpus\\vendor\\laravel\\framework\\src\\Illuminate\\Container\\Container.php:904)
[stacktrace]
#0 D:\\Program\\RepoLaravel\\Perpus\\vendor\\laravel\\framework\\src\\Illuminate\\Container\\Container.php(904): ReflectionClass->__construct('config')
#1 D:\\Program\\RepoLaravel\\Perpus\\vendor\\laravel\\framework\\src\\Illuminate\\Container\\Container.php(787): Illuminate\\Container\\Container->build('config')
#2 D:\\Program\\RepoLaravel\\Perpus\\vendor\\laravel\\framework\\src\\Illuminate\\Foundation\\Application.php(1026): Illuminate\\Container\\Container->resolve('config', Array, true)
#3 D:\\Program\\RepoLaravel\\Perpus\\vendor\\laravel\\framework\\src\\Illuminate\\Container\\Container.php(723): Illuminate\\Foundation\\Application->resolve('config', Array)
#4 D:\\Program\\RepoLaravel\\Perpus\\vendor\\laravel\\framework\\src\\Illuminate\\Foundation\\Application.php(1011): Illuminate\\Container\\Container->make('config', Array)
#5 D:\\Program\\RepoLaravel\\Perpus\\vendor\\laravel\\framework\\src\\Illuminate\\Foundation\\helpers.php(122): Illuminate\\Foundation\\Application->make('config', Array)
#6 D:\\Program\\RepoLaravel\\Perpus\\vendor\\laravel\\framework\\src\\Illuminate\\Foundation\\helpers.php(276): app('config')
#7 D:\\Program\\RepoLaravel\\Perpus\\vendor\\laravel\\sanctum\\src\\SanctumServiceProvider.php(27): config('auth.guards.san...', Array)
#8 D:\\Program\\RepoLaravel\\Perpus\\vendor\\laravel\\framework\\src\\Illuminate\\Foundation\\Application.php(857): Laravel\\Sanctum\\SanctumServiceProvider->register()
#9 D:\\Program\\RepoLaravel\\Perpus\\vendor\\laravel\\framework\\src\\Illuminate\\Foundation\\ProviderRepository.php(75): Illuminate\\Foundation\\Application->register(Object(Laravel\\Sanctum\\SanctumServiceProvider))
#10 D:\\Program\\RepoLaravel\\Perpus\\vendor\\laravel\\framework\\src\\Illuminate\\Foundation\\Application.php(832): Illuminate\\Foundation\\ProviderRepository->load(Array)
#11 D:\\Program\\RepoLaravel\\Perpus\\vendor\\laravel\\framework\\src\\Illuminate\\Foundation\\Bootstrap\\RegisterProviders.php(36): Illuminate\\Foundation\\Application->registerConfiguredProviders()
#12 D:\\Program\\RepoLaravel\\Perpus\\vendor\\laravel\\framework\\src\\Illuminate\\Foundation\\Application.php(309): Illuminate\\Foundation\\Bootstrap\\RegisterProviders->bootstrap(Object(Illuminate\\Foundation\\Application))
#13 D:\\Program\\RepoLaravel\\Perpus\\vendor\\laravel\\framework\\src\\Illuminate\\Foundation\\Console\\Kernel.php(470): Illuminate\\Foundation\\Application->bootstrapWith(Array)
#14 D:\\Program\\RepoLaravel\\Perpus\\vendor\\laravel\\framework\\src\\Illuminate\\Foundation\\Console\\Kernel.php(194): Illuminate\\Foundation\\Console\\Kernel->bootstrap()
#15 D:\\Program\\RepoLaravel\\Perpus\\vendor\\laravel\\framework\\src\\Illuminate\\Foundation\\Application.php(1183): Illuminate\\Foundation\\Console\\Kernel->handle(Object(Symfony\\Component\\Console\\Input\\ArgvInput), Object(Symfony\\Component\\Console\\Output\\ConsoleOutput))
#16 D:\\Program\\RepoLaravel\\Perpus\\artisan(13): Illuminate\\Foundation\\Application->handleCommand(Object(Symfony\\Component\\Console\\Input\\ArgvInput))
#17 {main}
"} 
[2024-05-13 15:51:15] local.ERROR: Target class [config] does not exist. {"exception":"[object] (Illuminate\\Contracts\\Container\\BindingResolutionException(code: 0): Target class [config] does not exist. at D:\\Program\\RepoLaravel\\Perpus\\vendor\\laravel\\framework\\src\\Illuminate\\Container\\Container.php:906)
[stacktrace]
#0 D:\\Program\\RepoLaravel\\Perpus\\vendor\\laravel\\framework\\src\\Illuminate\\Container\\Container.php(787): Illuminate\\Container\\Container->build('config')
#1 D:\\Program\\RepoLaravel\\Perpus\\vendor\\laravel\\framework\\src\\Illuminate\\Foundation\\Application.php(1026): Illuminate\\Container\\Container->resolve('config', Array, true)
#2 D:\\Program\\RepoLaravel\\Perpus\\vendor\\laravel\\framework\\src\\Illuminate\\Container\\Container.php(723): Illuminate\\Foundation\\Application->resolve('config', Array)
#3 D:\\Program\\RepoLaravel\\Perpus\\vendor\\laravel\\framework\\src\\Illuminate\\Foundation\\Application.php(1011): Illuminate\\Container\\Container->make('config', Array)
#4 D:\\Program\\RepoLaravel\\Perpus\\vendor\\laravel\\framework\\src\\Illuminate\\Foundation\\helpers.php(122): Illuminate\\Foundation\\Application->make('config', Array)
#5 D:\\Program\\RepoLaravel\\Perpus\\vendor\\laravel\\framework\\src\\Illuminate\\Foundation\\helpers.php(276): app('config')
#6 D:\\Program\\RepoLaravel\\Perpus\\vendor\\laravel\\sanctum\\src\\SanctumServiceProvider.php(27): config('auth.guards.san...', Array)
#7 D:\\Program\\RepoLaravel\\Perpus\\vendor\\laravel\\framework\\src\\Illuminate\\Foundation\\Application.php(857): Laravel\\Sanctum\\SanctumServiceProvider->register()
#8 D:\\Program\\RepoLaravel\\Perpus\\vendor\\laravel\\framework\\src\\Illuminate\\Foundation\\ProviderRepository.php(75): Illuminate\\Foundation\\Application->register(Object(Laravel\\Sanctum\\SanctumServiceProvider))
#9 D:\\Program\\RepoLaravel\\Perpus\\vendor\\laravel\\framework\\src\\Illuminate\\Foundation\\Application.php(832): Illuminate\\Foundation\\ProviderRepository->load(Array)
#10 D:\\Program\\RepoLaravel\\Perpus\\vendor\\laravel\\framework\\src\\Illuminate\\Foundation\\Bootstrap\\RegisterProviders.php(36): Illuminate\\Foundation\\Application->registerConfiguredProviders()
#11 D:\\Program\\RepoLaravel\\Perpus\\vendor\\laravel\\framework\\src\\Illuminate\\Foundation\\Application.php(309): Illuminate\\Foundation\\Bootstrap\\RegisterProviders->bootstrap(Object(Illuminate\\Foundation\\Application))
#12 D:\\Program\\RepoLaravel\\Perpus\\vendor\\laravel\\framework\\src\\Illuminate\\Foundation\\Console\\Kernel.php(470): Illuminate\\Foundation\\Application->bootstrapWith(Array)
#13 D:\\Program\\RepoLaravel\\Perpus\\vendor\\laravel\\framework\\src\\Illuminate\\Foundation\\Console\\Kernel.php(194): Illuminate\\Foundation\\Console\\Kernel->bootstrap()
#14 D:\\Program\\RepoLaravel\\Perpus\\vendor\\laravel\\framework\\src\\Illuminate\\Foundation\\Application.php(1183): Illuminate\\Foundation\\Console\\Kernel->handle(Object(Symfony\\Component\\Console\\Input\\ArgvInput), Object(Symfony\\Component\\Console\\Output\\ConsoleOutput))
#15 D:\\Program\\RepoLaravel\\Perpus\\artisan(13): Illuminate\\Foundation\\Application->handleCommand(Object(Symfony\\Component\\Console\\Input\\ArgvInput))
#16 {main}

[previous exception] [object] (ReflectionException(code: -1): Class \"config\" does not exist at D:\\Program\\RepoLaravel\\Perpus\\vendor\\laravel\\framework\\src\\Illuminate\\Container\\Container.php:904)
[stacktrace]
#0 D:\\Program\\RepoLaravel\\Perpus\\vendor\\laravel\\framework\\src\\Illuminate\\Container\\Container.php(904): ReflectionClass->__construct('config')
#1 D:\\Program\\RepoLaravel\\Perpus\\vendor\\laravel\\framework\\src\\Illuminate\\Container\\Container.php(787): Illuminate\\Container\\Container->build('config')
#2 D:\\Program\\RepoLaravel\\Perpus\\vendor\\laravel\\framework\\src\\Illuminate\\Foundation\\Application.php(1026): Illuminate\\Container\\Container->resolve('config', Array, true)
#3 D:\\Program\\RepoLaravel\\Perpus\\vendor\\laravel\\framework\\src\\Illuminate\\Container\\Container.php(723): Illuminate\\Foundation\\Application->resolve('config', Array)
#4 D:\\Program\\RepoLaravel\\Perpus\\vendor\\laravel\\framework\\src\\Illuminate\\Foundation\\Application.php(1011): Illuminate\\Container\\Container->make('config', Array)
#5 D:\\Program\\RepoLaravel\\Perpus\\vendor\\laravel\\framework\\src\\Illuminate\\Foundation\\helpers.php(122): Illuminate\\Foundation\\Application->make('config', Array)
#6 D:\\Program\\RepoLaravel\\Perpus\\vendor\\laravel\\framework\\src\\Illuminate\\Foundation\\helpers.php(276): app('config')
#7 D:\\Program\\RepoLaravel\\Perpus\\vendor\\laravel\\sanctum\\src\\SanctumServiceProvider.php(27): config('auth.guards.san...', Array)
#8 D:\\Program\\RepoLaravel\\Perpus\\vendor\\laravel\\framework\\src\\Illuminate\\Foundation\\Application.php(857): Laravel\\Sanctum\\SanctumServiceProvider->register()
#9 D:\\Program\\RepoLaravel\\Perpus\\vendor\\laravel\\framework\\src\\Illuminate\\Foundation\\ProviderRepository.php(75): Illuminate\\Foundation\\Application->register(Object(Laravel\\Sanctum\\SanctumServiceProvider))
#10 D:\\Program\\RepoLaravel\\Perpus\\vendor\\laravel\\framework\\src\\Illuminate\\Foundation\\Application.php(832): Illuminate\\Foundation\\ProviderRepository->load(Array)
#11 D:\\Program\\RepoLaravel\\Perpus\\vendor\\laravel\\framework\\src\\Illuminate\\Foundation\\Bootstrap\\RegisterProviders.php(36): Illuminate\\Foundation\\Application->registerConfiguredProviders()
#12 D:\\Program\\RepoLaravel\\Perpus\\vendor\\laravel\\framework\\src\\Illuminate\\Foundation\\Application.php(309): Illuminate\\Foundation\\Bootstrap\\RegisterProviders->bootstrap(Object(Illuminate\\Foundation\\Application))
#13 D:\\Program\\RepoLaravel\\Perpus\\vendor\\laravel\\framework\\src\\Illuminate\\Foundation\\Console\\Kernel.php(470): Illuminate\\Foundation\\Application->bootstrapWith(Array)
#14 D:\\Program\\RepoLaravel\\Perpus\\vendor\\laravel\\framework\\src\\Illuminate\\Foundation\\Console\\Kernel.php(194): Illuminate\\Foundation\\Console\\Kernel->bootstrap()
#15 D:\\Program\\RepoLaravel\\Perpus\\vendor\\laravel\\framework\\src\\Illuminate\\Foundation\\Application.php(1183): Illuminate\\Foundation\\Console\\Kernel->handle(Object(Symfony\\Component\\Console\\Input\\ArgvInput), Object(Symfony\\Component\\Console\\Output\\ConsoleOutput))
#16 D:\\Program\\RepoLaravel\\Perpus\\artisan(13): Illuminate\\Foundation\\Application->handleCommand(Object(Symfony\\Component\\Console\\Input\\ArgvInput))
#17 {main}
"} 
